<?xml version="1.0" encoding="UTF-8"?>
<!-- Generated by org.testng.reporters.JUnitXMLReporter -->
<testsuite hostname="DESKTOP-GRDMPPQ" ignored="0" name="Default test" tests="2" failures="0" timestamp="2021-05-08T05:19:20 IST" time="0.08" errors="0">
  <testcase name="aFastTest" time="0.007" classname="org.acdigital.achdd.ac_reservation.ui.ac_ui_hdd_poc.selenium.TestNGtestClass$SimpleTest"/>
  <testcase name="aSlowTest" time="0.002" classname="org.acdigital.achdd.ac_reservation.ui.ac_ui_hdd_poc.selenium.TestNGtestClass$SimpleTest"/>
</testsuite> <!-- Default test -->
