<?xml version="1.0" encoding="UTF-8"?>
<testng-results skipped="0" failed="0" ignored="0" total="2" passed="2">
  <reporter-output>
  </reporter-output>
  <suite name="Default suite" duration-ms="80" started-at="2021-05-08T05:19:20 IST" finished-at="2021-05-08T05:19:20 IST">
    <groups>
      <group name="fast">
        <method signature="TestNGtestClass$SimpleTest.aFastTest()[pri:0, instance:org.acdigital.achdd.ac_reservation.ui.ac_ui_hdd_poc.selenium.TestNGtestClass$SimpleTest@1fe20588]" name="aFastTest" class="org.acdigital.achdd.ac_reservation.ui.ac_ui_hdd_poc.selenium.TestNGtestClass$SimpleTest"/>
      </group> <!-- fast -->
      <group name="slow">
        <method signature="TestNGtestClass$SimpleTest.aSlowTest()[pri:0, instance:org.acdigital.achdd.ac_reservation.ui.ac_ui_hdd_poc.selenium.TestNGtestClass$SimpleTest@1fe20588]" name="aSlowTest" class="org.acdigital.achdd.ac_reservation.ui.ac_ui_hdd_poc.selenium.TestNGtestClass$SimpleTest"/>
      </group> <!-- slow -->
    </groups>
    <test name="Default test" duration-ms="80" started-at="2021-05-08T05:19:20 IST" finished-at="2021-05-08T05:19:20 IST">
      <class name="org.acdigital.achdd.ac_reservation.ui.ac_ui_hdd_poc.selenium.TestNGtestClass$SimpleTest">
        <test-method status="PASS" signature="setUp()[pri:0, instance:org.acdigital.achdd.ac_reservation.ui.ac_ui_hdd_poc.selenium.TestNGtestClass$SimpleTest@1fe20588]" name="setUp" is-config="true" duration-ms="13" started-at="2021-05-08T05:19:20 IST" finished-at="2021-05-08T05:19:20 IST">
          <reporter-output>
          </reporter-output>
        </test-method> <!-- setUp -->
        <test-method status="PASS" signature="aFastTest()[pri:0, instance:org.acdigital.achdd.ac_reservation.ui.ac_ui_hdd_poc.selenium.TestNGtestClass$SimpleTest@1fe20588]" name="aFastTest" duration-ms="7" started-at="2021-05-08T05:19:20 IST" finished-at="2021-05-08T05:19:20 IST">
          <reporter-output>
          </reporter-output>
        </test-method> <!-- aFastTest -->
        <test-method status="PASS" signature="aSlowTest()[pri:0, instance:org.acdigital.achdd.ac_reservation.ui.ac_ui_hdd_poc.selenium.TestNGtestClass$SimpleTest@1fe20588]" name="aSlowTest" duration-ms="2" started-at="2021-05-08T05:19:20 IST" finished-at="2021-05-08T05:19:20 IST">
          <reporter-output>
          </reporter-output>
        </test-method> <!-- aSlowTest -->
        <test-method status="PASS" signature="tearDown()[pri:0, instance:org.acdigital.achdd.ac_reservation.ui.ac_ui_hdd_poc.selenium.TestNGtestClass$SimpleTest@1fe20588]" name="tearDown" is-config="true" duration-ms="1" started-at="2021-05-08T05:19:20 IST" finished-at="2021-05-08T05:19:20 IST">
          <reporter-output>
          </reporter-output>
        </test-method> <!-- tearDown -->
      </class> <!-- org.acdigital.achdd.ac_reservation.ui.ac_ui_hdd_poc.selenium.TestNGtestClass$SimpleTest -->
    </test> <!-- Default test -->
  </suite> <!-- Default suite -->
</testng-results>
